Start testing: Jan 28 18:53 PST
----------------------------------------------------------
1/1 Testing: ex01_asan_tests
1/1 Test: ex01_asan_tests
Command: "/mnt/f/Documents/FirmwareProjects/practice/embedded_cpp_bootcamp/modules/06_debugging/exercises/ex01_asan/build_solution/ex01_asan_tests"
Directory: /mnt/f/Documents/FirmwareProjects/practice/embedded_cpp_bootcamp/modules/06_debugging/exercises/ex01_asan/build_solution
"ex01_asan_tests" start time: Jan 28 18:53 PST
Output:
----------------------------------------------------------
<end of output>
Test time =   0.00 sec
----------------------------------------------------------
Test Passed.
"ex01_asan_tests" end time: Jan 28 18:53 PST
"ex01_asan_tests" time elapsed: 00:00:00
----------------------------------------------------------

End testing: Jan 28 18:53 PST
