Start testing: Jan 28 18:53 PST
----------------------------------------------------------
1/1 Testing: exercise_tests
1/1 Test: exercise_tests
Command: "/mnt/f/Documents/FirmwareProjects/practice/embedded_cpp_bootcamp/modules/11_cuda_basics/exercises/ex01_env/build_solution/exercise_tests"
Directory: /mnt/f/Documents/FirmwareProjects/practice/embedded_cpp_bootcamp/modules/11_cuda_basics/exercises/ex01_env/build_solution
"exercise_tests" start time: Jan 28 18:53 PST
Output:
----------------------------------------------------------
<end of output>
Test time =   0.00 sec
----------------------------------------------------------
Test Passed.
"exercise_tests" end time: Jan 28 18:53 PST
"exercise_tests" time elapsed: 00:00:00
----------------------------------------------------------

End testing: Jan 28 18:53 PST
